timestamp: 2014-06-19T20:33:04.579646
CREATE TABLE auth_user(
    id INTEGER PRIMARY KEY AUTOINCREMENT,
    first_name CHAR(128),
    last_name CHAR(128),
    email CHAR(512),
    password CHAR(512),
    registration_key CHAR(512),
    reset_password_key CHAR(512),
    registration_id CHAR(512)
);
success!
timestamp: 2014-06-19T20:33:04.591977
CREATE TABLE auth_group(
    id INTEGER PRIMARY KEY AUTOINCREMENT,
    role CHAR(512),
    description TEXT
);
success!
timestamp: 2014-06-19T20:33:04.600226
CREATE TABLE auth_membership(
    id INTEGER PRIMARY KEY AUTOINCREMENT,
    user_id INTEGER REFERENCES auth_user (id) ON DELETE CASCADE,
    group_id INTEGER REFERENCES auth_group (id) ON DELETE CASCADE
);
success!
timestamp: 2014-06-19T20:33:04.605497
CREATE TABLE auth_permission(
    id INTEGER PRIMARY KEY AUTOINCREMENT,
    group_id INTEGER REFERENCES auth_group (id) ON DELETE CASCADE,
    name CHAR(512),
    table_name CHAR(512),
    record_id INTEGER
);
success!
timestamp: 2014-06-19T20:33:04.611205
CREATE TABLE auth_event(
    id INTEGER PRIMARY KEY AUTOINCREMENT,
    time_stamp TIMESTAMP,
    client_ip CHAR(512),
    user_id INTEGER REFERENCES auth_user (id) ON DELETE CASCADE,
    origin CHAR(512),
    description TEXT
);
success!
timestamp: 2014-06-19T20:33:04.615545
CREATE TABLE auth_cas(
    id INTEGER PRIMARY KEY AUTOINCREMENT,
    user_id INTEGER REFERENCES auth_user (id) ON DELETE CASCADE,
    created_on TIMESTAMP,
    service CHAR(512),
    ticket CHAR(512),
    renew CHAR(1)
);
success!
timestamp: 2014-06-19T20:33:04.622600
CREATE TABLE patients(
    id INTEGER PRIMARY KEY AUTOINCREMENT,
    name CHAR(512) NOT NULL,
    mobile CHAR(512),
    age INTEGER NOT NULL,
    startdate TIMESTAMP
);
success!
timestamp: 2014-06-19T20:33:04.627781
CREATE TABLE visits(
    id INTEGER PRIMARY KEY AUTOINCREMENT,
    pid INTEGER REFERENCES patients (id) ON DELETE CASCADE,
    currentdate TIMESTAMP,
    diagnosis CHAR(512) NOT NULL,
    treatment CHAR(512) NOT NULL,
    remarks TEXT
);
success!
timestamp: 2014-06-19T20:58:32.219733
ALTER TABLE patients ADD address TEXT;
success!
success!
success!
success!
